<html xmlns:math="http://exslt.org/math" xmlns:testng="http://testng.org">
   <head>
      <title>TestNG Results</title>
      <meta http-equiv="content-type" content="text/html; charset=utf-8"></meta>
      <meta http-equiv="pragma" content="no-cache"></meta>
      <meta http-equiv="cache-control" content="max-age=0"></meta>
      <meta http-equiv="cache-control" content="no-cache"></meta>
      <meta http-equiv="cache-control" content="no-store"></meta>
      <LINK rel="stylesheet" href="style.css"></LINK>
      <script type="text/javascript" src="main.js"></script>
   </head>
   <body>
      <table width="100%" style="font-size: 16px; margin-bottom: 10px;" cellspacing="1">
         <tr>
            <td width="100%">
               Test case
               
               <b>TestngPro</b>
            </td>
            <td style="background-color: #FFBBBB; padding: 3px 3px 3px 0;" align="center">
               <div style="width: 50px;">1</div>
            </td>
            <td style="background-color: lightgreen; padding: 3px 3px 3px 0;" align="center">
               <div style="width: 50px;">1</div>
            </td>
            <td style="background-color: #FFFFBB; padding: 3px 3px 3px 0;" align="center">
               <div style="width: 50px;">1</div>
            </td>
            <td align="center" style="background-color: #eaf0f7; padding: 3px 3px 3px 0;">
               <div style="width: 50px;">3</div>
            </td>
            <td align="center"
                style="font-weight: bold; background-color: #eaf0f7; padding: 3px 3px 3px 0;">
               <div style="width: 50px;">33%</div>
            </td>
         </tr>
      </table>
      <div style="width: 200px;">
         <label for="groupMethodsCheckBox" style="font-weight: bold; margin: 0;">
            <input id="groupMethodsCheckBox" type="checkbox" onclick="switchTestMethodsView(this)"></input>
            Group by class
            
         </label>
         <br></br>
         <label for="methodsFilter_ALL" style="font-weight: bold; margin: 0;">
            <input id="methodsFilter_ALL" type="checkbox"
                   onclick="testMethodsFilterChanged(this, 'ALL')"></input>
            All
            
         </label>
      </div>
      <label for="methodsFilter_FAIL" style="margin-left: 20px;">
         <input id="methodsFilter_FAIL" type="checkbox"
                onclick="testMethodsFilterChanged(this, 'FAIL')"
                checked=""></input>
         Failed
         
      </label>
      <label for="methodsFilter_PASS">
         <input id="methodsFilter_PASS" type="checkbox"
                onclick="testMethodsFilterChanged(this, 'PASS')"
                checked=""></input>
         Passed
         
      </label>
      <label for="methodsFilter_SKIP">
         <input id="methodsFilter_SKIP" type="checkbox"
                onclick="testMethodsFilterChanged(this, 'SKIP')"
                checked=""></input>
         Skipped
         
      </label>
      <label for="methodsFilter_CONF">
         <input id="methodsFilter_CONF" type="checkbox"
                onclick="testMethodsFilterChanged(this, 'CONF')"></input>
         Config
         
      </label>
      <br></br>
      <div id="testMethodsByStatus">
         <table class="testMethodsTable" cellpadding="0" cellspacing="0">
            <tr class="methodsTableHeader">
               <td width="100%">Name</td>
               <td nowrap="true">Started</td>
               <td nowrap="true">Duration</td>
               <td>Exception</td>
            </tr>
            <tr id="com.dong.testng.test.MathTest_testFactorial_byStatus_failed_FAIL1_row"
                class="testMethodStatusFAIL">
               <td width="100%" class="firstMethodCell">
                  <a onclick="toggleDetailsVisibility('com.dong.testng.test.MathTest_testFactorial_byStatus_failed_FAIL1_details')">testFactorial()</a>
               </td>
               <td nowrap="true">15:38:42</td>
               <td nowrap="true" align="right">4 ms
                  
               </td>
               <td nowrap="true">
                  <a onclick="toggleDetailsVisibility('com.dong.testng.test.MathTest_testFactorial_byStatus_failed_FAIL1_exception')">java.lang.AssertionError: 
                     expected [6] but found [5]
                     
                  </a>
                   
                  
               </td>
            </tr>
            <tr>
               <td colspan="4"
                   style="padding: 0; background-color: white; border-style: none; height: 0px;">
                  <div id="com.dong.testng.test.MathTest_testFactorial_byStatus_failed_FAIL1_details"
                       class="testMethodDetails">
                     <div>
                        <b>Name:
                           
                        </b>testFactorial
                     </div>
                     <div>
                        <b>Signature:
                           
                        </b>testFactorial()[pri:0, instance:com.dong.testng.test.MathTest@18e8568]
                     </div>
                     <div>
                        <b>Start time:
                           
                        </b>15:38:42
                     </div>
                     <div>
                        <b>End time:
                           
                        </b>15:38:42
                     </div>
                     <div>
                        <b>Duration:
                           
                        </b>4 ms
                        
                     </div>
                  </div>
               </td>
            </tr>
            <tr>
               <td colspan="4"
                   style="padding: 0; background-color: white; border-style: none; height: 0px;">
                  <div id="com.dong.testng.test.MathTest_testFactorial_byStatus_failed_FAIL1_exception"
                       class="testMethodDetails">
                     <pre style="padding: 5px; margin: 0;">java.lang.AssertionError: expected [6] but found [5]
                        	at org.testng.Assert.fail(Assert.java:94)
                        	at org.testng.Assert.failNotEquals(Assert.java:513)
                        	at org.testng.Assert.assertEqualsImpl(Assert.java:135)
                        	at org.testng.Assert.assertEquals(Assert.java:116)
                        	at org.testng.Assert.assertEquals(Assert.java:389)
                        	at org.testng.Assert.assertEquals(Assert.java:399)
                        	at com.dong.testng.test.MathTest.testFactorial(MathTest.java:21)
                        	at sun.reflect.NativeMethodAccessorImpl.invoke0(Native Method)
                        	at sun.reflect.NativeMethodAccessorImpl.invoke(NativeMethodAccessorImpl.java:62)
                        	at sun.reflect.DelegatingMethodAccessorImpl.invoke(DelegatingMethodAccessorImpl.java:43)
                        	at java.lang.reflect.Method.invoke(Method.java:498)
                        	at org.testng.internal.MethodInvocationHelper.invokeMethod(MethodInvocationHelper.java:104)
                        	at org.testng.internal.Invoker.invokeMethod(Invoker.java:645)
                        	at org.testng.internal.Invoker.invokeTestMethod(Invoker.java:851)
                        	at org.testng.internal.Invoker.invokeTestMethods(Invoker.java:1177)
                        	at org.testng.internal.TestMethodWorker.invokeTestMethods(TestMethodWorker.java:129)
                        	at org.testng.internal.TestMethodWorker.run(TestMethodWorker.java:112)
                        	at org.testng.TestRunner.privateRun(TestRunner.java:756)
                        	at org.testng.TestRunner.run(TestRunner.java:610)
                        	at org.testng.SuiteRunner.runTest(SuiteRunner.java:387)
                        	at org.testng.SuiteRunner.runSequentially(SuiteRunner.java:382)
                        	at org.testng.SuiteRunner.privateRun(SuiteRunner.java:340)
                        	at org.testng.SuiteRunner.run(SuiteRunner.java:289)
                        	at org.testng.SuiteRunnerWorker.runSuite(SuiteRunnerWorker.java:52)
                        	at org.testng.SuiteRunnerWorker.run(SuiteRunnerWorker.java:86)
                        	at org.testng.TestNG.runSuitesSequentially(TestNG.java:1293)
                        	at org.testng.TestNG.runSuitesLocally(TestNG.java:1218)
                        	at org.testng.TestNG.runSuites(TestNG.java:1133)
                        	at org.testng.TestNG.run(TestNG.java:1104)
                        	at org.testng.IDEARemoteTestNG.run(IDEARemoteTestNG.java:72)
                        	at org.testng.RemoteTestNGStarter.main(RemoteTestNGStarter.java:123)
                     </pre>
                  </div>
               </td>
            </tr>
            <tr id="com.dong.testng.test.MathTest_setUp_byStatus_passed_PASS1_row"
                class="testMethodStatusPASS testMethodStatusCONF">
               <td width="100%" class="firstMethodCell">
                  <a onclick="toggleDetailsVisibility('com.dong.testng.test.MathTest_setUp_byStatus_passed_PASS1_details')">setUp()</a>
               </td>
               <td nowrap="true">15:38:42</td>
               <td nowrap="true" align="right">18 ms
                  
               </td>
               <td nowrap="true">
                   
                  
               </td>
            </tr>
            <tr>
               <td colspan="4"
                   style="padding: 0; background-color: white; border-style: none; height: 0px;">
                  <div id="com.dong.testng.test.MathTest_setUp_byStatus_passed_PASS1_details"
                       class="testMethodDetails">
                     <div>
                        <b>Name:
                           
                        </b>setUp
                     </div>
                     <div>
                        <b>Signature:
                           
                        </b>setUp()[pri:0, instance:com.dong.testng.test.MathTest@18e8568]
                     </div>
                     <div>
                        <b>Start time:
                           
                        </b>15:38:42
                     </div>
                     <div>
                        <b>End time:
                           
                        </b>15:38:42
                     </div>
                     <div>
                        <b>Duration:
                           
                        </b>18 ms
                        
                     </div>
                  </div>
               </td>
            </tr>
            <tr></tr>
            <tr id="com.dong.testng.test.MathTest_testFactorial2_byStatus_passed_PASS2_row"
                class="testMethodStatusPASS">
               <td width="100%" class="firstMethodCell">
                  <a onclick="toggleDetailsVisibility('com.dong.testng.test.MathTest_testFactorial2_byStatus_passed_PASS2_details')">testFactorial2()</a>
               </td>
               <td nowrap="true">15:38:42</td>
               <td nowrap="true" align="right">0 ms
                  
               </td>
               <td nowrap="true">
                   
                  
               </td>
            </tr>
            <tr>
               <td colspan="4"
                   style="padding: 0; background-color: white; border-style: none; height: 0px;">
                  <div id="com.dong.testng.test.MathTest_testFactorial2_byStatus_passed_PASS2_details"
                       class="testMethodDetails">
                     <div>
                        <b>Name:
                           
                        </b>testFactorial2
                     </div>
                     <div>
                        <b>Signature:
                           
                        </b>testFactorial2()[pri:0, instance:com.dong.testng.test.MathTest@18e8568]
                     </div>
                     <div>
                        <b>Start time:
                           
                        </b>15:38:42
                     </div>
                     <div>
                        <b>End time:
                           
                        </b>15:38:42
                     </div>
                     <div>
                        <b>Duration:
                           
                        </b>0 ms
                        
                     </div>
                  </div>
               </td>
            </tr>
            <tr></tr>
            <tr id="com.dong.testng.test.MathTest_endTest_byStatus_passed_PASS3_row"
                class="testMethodStatusPASS testMethodStatusCONF">
               <td width="100%" class="firstMethodCell">
                  <a onclick="toggleDetailsVisibility('com.dong.testng.test.MathTest_endTest_byStatus_passed_PASS3_details')">endTest()</a>
               </td>
               <td nowrap="true">15:38:42</td>
               <td nowrap="true" align="right">1 ms
                  
               </td>
               <td nowrap="true">
                   
                  
               </td>
            </tr>
            <tr>
               <td colspan="4"
                   style="padding: 0; background-color: white; border-style: none; height: 0px;">
                  <div id="com.dong.testng.test.MathTest_endTest_byStatus_passed_PASS3_details"
                       class="testMethodDetails">
                     <div>
                        <b>Name:
                           
                        </b>endTest
                     </div>
                     <div>
                        <b>Signature:
                           
                        </b>endTest()[pri:0, instance:com.dong.testng.test.MathTest@18e8568]
                     </div>
                     <div>
                        <b>Start time:
                           
                        </b>15:38:42
                     </div>
                     <div>
                        <b>End time:
                           
                        </b>15:38:42
                     </div>
                     <div>
                        <b>Duration:
                           
                        </b>1 ms
                        
                     </div>
                  </div>
               </td>
            </tr>
            <tr></tr>
            <tr id="com.dong.testng.test.MathTest_testFactorial1_byStatus_skiped_SKIP1_row"
                class="testMethodStatusSKIP">
               <td width="100%" class="firstMethodCell">
                  <a onclick="toggleDetailsVisibility('com.dong.testng.test.MathTest_testFactorial1_byStatus_skiped_SKIP1_details')">testFactorial1()</a>
               </td>
               <td nowrap="true">15:38:42</td>
               <td nowrap="true" align="right">0 ms
                  
               </td>
               <td nowrap="true">
                  <a onclick="toggleDetailsVisibility('com.dong.testng.test.MathTest_testFactorial1_byStatus_skiped_SKIP1_exception')">java.lang.Throwable: 
                     Method MathTest.testFactorial1()[pri:0, instance:com.dong.testng.test.MathTest@18e8568] depends on not successfully finished
                     methods
                     
                  </a>
                   
                  
               </td>
            </tr>
            <tr>
               <td colspan="4"
                   style="padding: 0; background-color: white; border-style: none; height: 0px;">
                  <div id="com.dong.testng.test.MathTest_testFactorial1_byStatus_skiped_SKIP1_details"
                       class="testMethodDetails">
                     <div>
                        <b>Name:
                           
                        </b>testFactorial1
                     </div>
                     <div>
                        <b>Signature:
                           
                        </b>testFactorial1()[pri:0, instance:com.dong.testng.test.MathTest@18e8568]
                     </div>
                     <div>
                        <b>Start time:
                           
                        </b>15:38:42
                     </div>
                     <div>
                        <b>End time:
                           
                        </b>15:38:42
                     </div>
                     <div>
                        <b>Duration:
                           
                        </b>0 ms
                        
                     </div>
                     <div>
                        <b>Depends on methods:
                           
                        </b>
                        <div>
                               -
                           com.dong.testng.test.MathTest.testFactorial
                        </div>
                     </div>
                  </div>
               </td>
            </tr>
            <tr>
               <td colspan="4"
                   style="padding: 0; background-color: white; border-style: none; height: 0px;">
                  <div id="com.dong.testng.test.MathTest_testFactorial1_byStatus_skiped_SKIP1_exception"
                       class="testMethodDetails">
                     <pre style="padding: 5px; margin: 0;">java.lang.Throwable: Method MathTest.testFactorial1()[pri:0, instance:com.dong.testng.test.MathTest@18e8568] depends on not
                        successfully finished methods
                        	at org.testng.internal.Invoker.invokeTestMethods(Invoker.java:1068)
                        	at org.testng.internal.TestMethodWorker.invokeTestMethods(TestMethodWorker.java:129)
                        	at org.testng.internal.TestMethodWorker.run(TestMethodWorker.java:112)
                        	at org.testng.TestRunner.privateRun(TestRunner.java:756)
                        	at org.testng.TestRunner.run(TestRunner.java:610)
                        	at org.testng.SuiteRunner.runTest(SuiteRunner.java:387)
                        	at org.testng.SuiteRunner.runSequentially(SuiteRunner.java:382)
                        	at org.testng.SuiteRunner.privateRun(SuiteRunner.java:340)
                        	at org.testng.SuiteRunner.run(SuiteRunner.java:289)
                        	at org.testng.SuiteRunnerWorker.runSuite(SuiteRunnerWorker.java:52)
                        	at org.testng.SuiteRunnerWorker.run(SuiteRunnerWorker.java:86)
                        	at org.testng.TestNG.runSuitesSequentially(TestNG.java:1293)
                        	at org.testng.TestNG.runSuitesLocally(TestNG.java:1218)
                        	at org.testng.TestNG.runSuites(TestNG.java:1133)
                        	at org.testng.TestNG.run(TestNG.java:1104)
                        	at org.testng.IDEARemoteTestNG.run(IDEARemoteTestNG.java:72)
                        	at org.testng.RemoteTestNGStarter.main(RemoteTestNGStarter.java:123)
                     </pre>
                  </div>
               </td>
            </tr>
         </table>
      </div>
      <div id="testMethodsByClass" style="display: none;">
         <table class="testMethodsTable" cellpadding="0" cellspacing="0">
            <tr>
               <td colspan="4">
                  <h3 style="display: inline;">com.dong.testng.test.MathTest</h3>
               </td>
            </tr>
            <tr class="methodsTableHeader">
               <td width="100%">Name</td>
               <td nowrap="true">Started</td>
               <td nowrap="true">Duration</td>
               <td>Exception</td>
            </tr>
            <tr id="com.dong.testng.test.MathTest_setUp_byClass_PASS1_row"
                class="testMethodStatusPASS testMethodStatusCONF">
               <td width="100%" class="firstMethodCell">
                  <a onclick="toggleDetailsVisibility('com.dong.testng.test.MathTest_setUp_byClass_PASS1_details')">setUp()</a>
               </td>
               <td nowrap="true">15:38:42</td>
               <td nowrap="true" align="right">18 ms
                  
               </td>
               <td nowrap="true">
                   
                  
               </td>
            </tr>
            <tr>
               <td colspan="4"
                   style="padding: 0; background-color: white; border-style: none; height: 0px;">
                  <div id="com.dong.testng.test.MathTest_setUp_byClass_PASS1_details"
                       class="testMethodDetails">
                     <div>
                        <b>Name:
                           
                        </b>setUp
                     </div>
                     <div>
                        <b>Signature:
                           
                        </b>setUp()[pri:0, instance:com.dong.testng.test.MathTest@18e8568]
                     </div>
                     <div>
                        <b>Start time:
                           
                        </b>15:38:42
                     </div>
                     <div>
                        <b>End time:
                           
                        </b>15:38:42
                     </div>
                     <div>
                        <b>Duration:
                           
                        </b>18 ms
                        
                     </div>
                  </div>
               </td>
            </tr>
            <tr></tr>
            <tr id="com.dong.testng.test.MathTest_testFactorial_byClass_FAIL2_row"
                class="testMethodStatusFAIL">
               <td width="100%" class="firstMethodCell">
                  <a onclick="toggleDetailsVisibility('com.dong.testng.test.MathTest_testFactorial_byClass_FAIL2_details')">testFactorial()</a>
               </td>
               <td nowrap="true">15:38:42</td>
               <td nowrap="true" align="right">4 ms
                  
               </td>
               <td nowrap="true">
                  <a onclick="toggleDetailsVisibility('com.dong.testng.test.MathTest_testFactorial_byClass_FAIL2_exception')">java.lang.AssertionError: 
                     expected [6] but found [5]
                     
                  </a>
                   
                  
               </td>
            </tr>
            <tr>
               <td colspan="4"
                   style="padding: 0; background-color: white; border-style: none; height: 0px;">
                  <div id="com.dong.testng.test.MathTest_testFactorial_byClass_FAIL2_details"
                       class="testMethodDetails">
                     <div>
                        <b>Name:
                           
                        </b>testFactorial
                     </div>
                     <div>
                        <b>Signature:
                           
                        </b>testFactorial()[pri:0, instance:com.dong.testng.test.MathTest@18e8568]
                     </div>
                     <div>
                        <b>Start time:
                           
                        </b>15:38:42
                     </div>
                     <div>
                        <b>End time:
                           
                        </b>15:38:42
                     </div>
                     <div>
                        <b>Duration:
                           
                        </b>4 ms
                        
                     </div>
                  </div>
               </td>
            </tr>
            <tr>
               <td colspan="4"
                   style="padding: 0; background-color: white; border-style: none; height: 0px;">
                  <div id="com.dong.testng.test.MathTest_testFactorial_byClass_FAIL2_exception"
                       class="testMethodDetails">
                     <pre style="padding: 5px; margin: 0;">java.lang.AssertionError: expected [6] but found [5]
                        	at org.testng.Assert.fail(Assert.java:94)
                        	at org.testng.Assert.failNotEquals(Assert.java:513)
                        	at org.testng.Assert.assertEqualsImpl(Assert.java:135)
                        	at org.testng.Assert.assertEquals(Assert.java:116)
                        	at org.testng.Assert.assertEquals(Assert.java:389)
                        	at org.testng.Assert.assertEquals(Assert.java:399)
                        	at com.dong.testng.test.MathTest.testFactorial(MathTest.java:21)
                        	at sun.reflect.NativeMethodAccessorImpl.invoke0(Native Method)
                        	at sun.reflect.NativeMethodAccessorImpl.invoke(NativeMethodAccessorImpl.java:62)
                        	at sun.reflect.DelegatingMethodAccessorImpl.invoke(DelegatingMethodAccessorImpl.java:43)
                        	at java.lang.reflect.Method.invoke(Method.java:498)
                        	at org.testng.internal.MethodInvocationHelper.invokeMethod(MethodInvocationHelper.java:104)
                        	at org.testng.internal.Invoker.invokeMethod(Invoker.java:645)
                        	at org.testng.internal.Invoker.invokeTestMethod(Invoker.java:851)
                        	at org.testng.internal.Invoker.invokeTestMethods(Invoker.java:1177)
                        	at org.testng.internal.TestMethodWorker.invokeTestMethods(TestMethodWorker.java:129)
                        	at org.testng.internal.TestMethodWorker.run(TestMethodWorker.java:112)
                        	at org.testng.TestRunner.privateRun(TestRunner.java:756)
                        	at org.testng.TestRunner.run(TestRunner.java:610)
                        	at org.testng.SuiteRunner.runTest(SuiteRunner.java:387)
                        	at org.testng.SuiteRunner.runSequentially(SuiteRunner.java:382)
                        	at org.testng.SuiteRunner.privateRun(SuiteRunner.java:340)
                        	at org.testng.SuiteRunner.run(SuiteRunner.java:289)
                        	at org.testng.SuiteRunnerWorker.runSuite(SuiteRunnerWorker.java:52)
                        	at org.testng.SuiteRunnerWorker.run(SuiteRunnerWorker.java:86)
                        	at org.testng.TestNG.runSuitesSequentially(TestNG.java:1293)
                        	at org.testng.TestNG.runSuitesLocally(TestNG.java:1218)
                        	at org.testng.TestNG.runSuites(TestNG.java:1133)
                        	at org.testng.TestNG.run(TestNG.java:1104)
                        	at org.testng.IDEARemoteTestNG.run(IDEARemoteTestNG.java:72)
                        	at org.testng.RemoteTestNGStarter.main(RemoteTestNGStarter.java:123)
                     </pre>
                  </div>
               </td>
            </tr>
            <tr id="com.dong.testng.test.MathTest_testFactorial2_byClass_PASS3_row"
                class="testMethodStatusPASS">
               <td width="100%" class="firstMethodCell">
                  <a onclick="toggleDetailsVisibility('com.dong.testng.test.MathTest_testFactorial2_byClass_PASS3_details')">testFactorial2()</a>
               </td>
               <td nowrap="true">15:38:42</td>
               <td nowrap="true" align="right">0 ms
                  
               </td>
               <td nowrap="true">
                   
                  
               </td>
            </tr>
            <tr>
               <td colspan="4"
                   style="padding: 0; background-color: white; border-style: none; height: 0px;">
                  <div id="com.dong.testng.test.MathTest_testFactorial2_byClass_PASS3_details"
                       class="testMethodDetails">
                     <div>
                        <b>Name:
                           
                        </b>testFactorial2
                     </div>
                     <div>
                        <b>Signature:
                           
                        </b>testFactorial2()[pri:0, instance:com.dong.testng.test.MathTest@18e8568]
                     </div>
                     <div>
                        <b>Start time:
                           
                        </b>15:38:42
                     </div>
                     <div>
                        <b>End time:
                           
                        </b>15:38:42
                     </div>
                     <div>
                        <b>Duration:
                           
                        </b>0 ms
                        
                     </div>
                  </div>
               </td>
            </tr>
            <tr></tr>
            <tr id="com.dong.testng.test.MathTest_testFactorial1_byClass_SKIP4_row"
                class="testMethodStatusSKIP">
               <td width="100%" class="firstMethodCell">
                  <a onclick="toggleDetailsVisibility('com.dong.testng.test.MathTest_testFactorial1_byClass_SKIP4_details')">testFactorial1()</a>
               </td>
               <td nowrap="true">15:38:42</td>
               <td nowrap="true" align="right">0 ms
                  
               </td>
               <td nowrap="true">
                  <a onclick="toggleDetailsVisibility('com.dong.testng.test.MathTest_testFactorial1_byClass_SKIP4_exception')">java.lang.Throwable: 
                     Method MathTest.testFactorial1()[pri:0, instance:com.dong.testng.test.MathTest@18e8568] depends on not successfully finished
                     methods
                     
                  </a>
                   
                  
               </td>
            </tr>
            <tr>
               <td colspan="4"
                   style="padding: 0; background-color: white; border-style: none; height: 0px;">
                  <div id="com.dong.testng.test.MathTest_testFactorial1_byClass_SKIP4_details"
                       class="testMethodDetails">
                     <div>
                        <b>Name:
                           
                        </b>testFactorial1
                     </div>
                     <div>
                        <b>Signature:
                           
                        </b>testFactorial1()[pri:0, instance:com.dong.testng.test.MathTest@18e8568]
                     </div>
                     <div>
                        <b>Start time:
                           
                        </b>15:38:42
                     </div>
                     <div>
                        <b>End time:
                           
                        </b>15:38:42
                     </div>
                     <div>
                        <b>Duration:
                           
                        </b>0 ms
                        
                     </div>
                     <div>
                        <b>Depends on methods:
                           
                        </b>
                        <div>
                               -
                           com.dong.testng.test.MathTest.testFactorial
                        </div>
                     </div>
                  </div>
               </td>
            </tr>
            <tr>
               <td colspan="4"
                   style="padding: 0; background-color: white; border-style: none; height: 0px;">
                  <div id="com.dong.testng.test.MathTest_testFactorial1_byClass_SKIP4_exception"
                       class="testMethodDetails">
                     <pre style="padding: 5px; margin: 0;">java.lang.Throwable: Method MathTest.testFactorial1()[pri:0, instance:com.dong.testng.test.MathTest@18e8568] depends on not
                        successfully finished methods
                        	at org.testng.internal.Invoker.invokeTestMethods(Invoker.java:1068)
                        	at org.testng.internal.TestMethodWorker.invokeTestMethods(TestMethodWorker.java:129)
                        	at org.testng.internal.TestMethodWorker.run(TestMethodWorker.java:112)
                        	at org.testng.TestRunner.privateRun(TestRunner.java:756)
                        	at org.testng.TestRunner.run(TestRunner.java:610)
                        	at org.testng.SuiteRunner.runTest(SuiteRunner.java:387)
                        	at org.testng.SuiteRunner.runSequentially(SuiteRunner.java:382)
                        	at org.testng.SuiteRunner.privateRun(SuiteRunner.java:340)
                        	at org.testng.SuiteRunner.run(SuiteRunner.java:289)
                        	at org.testng.SuiteRunnerWorker.runSuite(SuiteRunnerWorker.java:52)
                        	at org.testng.SuiteRunnerWorker.run(SuiteRunnerWorker.java:86)
                        	at org.testng.TestNG.runSuitesSequentially(TestNG.java:1293)
                        	at org.testng.TestNG.runSuitesLocally(TestNG.java:1218)
                        	at org.testng.TestNG.runSuites(TestNG.java:1133)
                        	at org.testng.TestNG.run(TestNG.java:1104)
                        	at org.testng.IDEARemoteTestNG.run(IDEARemoteTestNG.java:72)
                        	at org.testng.RemoteTestNGStarter.main(RemoteTestNGStarter.java:123)
                     </pre>
                  </div>
               </td>
            </tr>
            <tr id="com.dong.testng.test.MathTest_endTest_byClass_PASS5_row"
                class="testMethodStatusPASS testMethodStatusCONF">
               <td width="100%" class="firstMethodCell">
                  <a onclick="toggleDetailsVisibility('com.dong.testng.test.MathTest_endTest_byClass_PASS5_details')">endTest()</a>
               </td>
               <td nowrap="true">15:38:42</td>
               <td nowrap="true" align="right">1 ms
                  
               </td>
               <td nowrap="true">
                   
                  
               </td>
            </tr>
            <tr>
               <td colspan="4"
                   style="padding: 0; background-color: white; border-style: none; height: 0px;">
                  <div id="com.dong.testng.test.MathTest_endTest_byClass_PASS5_details"
                       class="testMethodDetails">
                     <div>
                        <b>Name:
                           
                        </b>endTest
                     </div>
                     <div>
                        <b>Signature:
                           
                        </b>endTest()[pri:0, instance:com.dong.testng.test.MathTest@18e8568]
                     </div>
                     <div>
                        <b>Start time:
                           
                        </b>15:38:42
                     </div>
                     <div>
                        <b>End time:
                           
                        </b>15:38:42
                     </div>
                     <div>
                        <b>Duration:
                           
                        </b>1 ms
                        
                     </div>
                  </div>
               </td>
            </tr>
            <tr></tr>
         </table>
         <br></br>
      </div>
      <div style="margin-top: 15px; color: gray; text-align: center; font-size: 9px;">
         Generated with
         
         <a href="http://code.google.com/p/testng-xslt/" style="color: #8888aa;"
            target="_blank">
            TestNG XSLT
            
         </a>
      </div>
   </body>
</html>